[1746137877.2883] Error running :
SELECT option_name, option_value FROM wp_options WHERE autoload IN ( 'yes', 'on', 'auto-on', 'auto' )
---- converted to ----
SELECT option_name, option_value FROM wp_options WHERE autoload IN ( 'yes', 'on', 'auto-on', 'auto' )
----> ERROR:  relation "wp_options" does not exist
LINE 1: SELECT option_name, option_value FROM wp_options WHERE autol...
                                              ^
---------------------
[1746137877.5371] Error running :
SELECT option_name, option_value FROM wp_options
---- converted to ----
SELECT option_name, option_value FROM wp_options
----> ERROR:  relation "wp_options" does not exist
LINE 1: SELECT option_name, option_value FROM wp_options
                                              ^
---------------------
[1746137877.7347] Error running :
SELECT option_value FROM wp_options WHERE option_name = 'siteurl'
---- converted to ----
SELECT option_value FROM wp_options WHERE option_name = 'siteurl'
----> ERROR:  relation "wp_options" does not exist
LINE 1: SELECT option_value FROM wp_options WHERE option_name = 'sit...
                                 ^
---------------------
[1746137912.2026] Error running :
SELECT option_name, option_value FROM wp_options WHERE autoload IN ( 'yes', 'on', 'auto-on', 'auto' )
---- converted to ----
SELECT option_name, option_value FROM wp_options WHERE autoload IN ( 'yes', 'on', 'auto-on', 'auto' )
----> ERROR:  relation "wp_options" does not exist
LINE 1: SELECT option_name, option_value FROM wp_options WHERE autol...
                                              ^
---------------------
[1746137912.4153] Error running :
SELECT option_name, option_value FROM wp_options
---- converted to ----
SELECT option_name, option_value FROM wp_options
----> ERROR:  relation "wp_options" does not exist
LINE 1: SELECT option_name, option_value FROM wp_options
                                              ^
---------------------
[1746137912.6159] Error running :
SELECT option_value FROM wp_options WHERE option_name = 'siteurl'
---- converted to ----
SELECT option_value FROM wp_options WHERE option_name = 'siteurl'
----> ERROR:  relation "wp_options" does not exist
LINE 1: SELECT option_value FROM wp_options WHERE option_name = 'sit...
                                 ^
---------------------
