[1746137877.2883] Error running :
SELECT option_name, option_value FROM wp_options WHERE autoload IN ( 'yes', 'on', 'auto-on', 'auto' )
---- converted to ----
SELECT option_name, option_value FROM wp_options WHERE autoload IN ( 'yes', 'on', 'auto-on', 'auto' )
----> ERROR:  relation "wp_options" does not exist
LINE 1: SELECT option_name, option_value FROM wp_options WHERE autol...
                                              ^
---------------------
[1746137877.5371] Error running :
SELECT option_name, option_value FROM wp_options
---- converted to ----
SELECT option_name, option_value FROM wp_options
----> ERROR:  relation "wp_options" does not exist
LINE 1: SELECT option_name, option_value FROM wp_options
                                              ^
---------------------
[1746137877.7347] Error running :
SELECT option_value FROM wp_options WHERE option_name = 'siteurl'
---- converted to ----
SELECT option_value FROM wp_options WHERE option_name = 'siteurl'
----> ERROR:  relation "wp_options" does not exist
LINE 1: SELECT option_value FROM wp_options WHERE option_name = 'sit...
                                 ^
---------------------
[1746137912.2026] Error running :
SELECT option_name, option_value FROM wp_options WHERE autoload IN ( 'yes', 'on', 'auto-on', 'auto' )
---- converted to ----
SELECT option_name, option_value FROM wp_options WHERE autoload IN ( 'yes', 'on', 'auto-on', 'auto' )
----> ERROR:  relation "wp_options" does not exist
LINE 1: SELECT option_name, option_value FROM wp_options WHERE autol...
                                              ^
---------------------
[1746137912.4153] Error running :
SELECT option_name, option_value FROM wp_options
---- converted to ----
SELECT option_name, option_value FROM wp_options
----> ERROR:  relation "wp_options" does not exist
LINE 1: SELECT option_name, option_value FROM wp_options
                                              ^
---------------------
[1746137912.6159] Error running :
SELECT option_value FROM wp_options WHERE option_name = 'siteurl'
---- converted to ----
SELECT option_value FROM wp_options WHERE option_name = 'siteurl'
----> ERROR:  relation "wp_options" does not exist
LINE 1: SELECT option_value FROM wp_options WHERE option_name = 'sit...
                                 ^
---------------------
[1746138497.3079] Error running :
SELECT option_name, option_value FROM wp_options WHERE autoload IN ( 'yes', 'on', 'auto-on', 'auto' )
---- converted to ----
SELECT option_name, option_value FROM wp_options WHERE autoload IN ( 'yes', 'on', 'auto-on', 'auto' )
----> ERROR:  relation "wp_options" does not exist
LINE 1: SELECT option_name, option_value FROM wp_options WHERE autol...
                                              ^
---------------------
[1746138497.5088] Error running :
SELECT option_name, option_value FROM wp_options
---- converted to ----
SELECT option_name, option_value FROM wp_options
----> ERROR:  relation "wp_options" does not exist
LINE 1: SELECT option_name, option_value FROM wp_options
                                              ^
---------------------
[1746138497.7114] Error running :
SELECT option_value FROM wp_options WHERE option_name = 'siteurl'
---- converted to ----
SELECT option_value FROM wp_options WHERE option_name = 'siteurl'
----> ERROR:  relation "wp_options" does not exist
LINE 1: SELECT option_value FROM wp_options WHERE option_name = 'sit...
                                 ^
---------------------
[1746138528.2544] Error running :
SELECT option_name, option_value FROM wp_options WHERE autoload IN ( 'yes', 'on', 'auto-on', 'auto' )
---- converted to ----
SELECT option_name, option_value FROM wp_options WHERE autoload IN ( 'yes', 'on', 'auto-on', 'auto' )
----> ERROR:  relation "wp_options" does not exist
LINE 1: SELECT option_name, option_value FROM wp_options WHERE autol...
                                              ^
---------------------
[1746138528.4554] Error running :
SELECT option_name, option_value FROM wp_options
---- converted to ----
SELECT option_name, option_value FROM wp_options
----> ERROR:  relation "wp_options" does not exist
LINE 1: SELECT option_name, option_value FROM wp_options
                                              ^
---------------------
[1746138528.6531] Error running :
SELECT option_value FROM wp_options WHERE option_name = 'siteurl'
---- converted to ----
SELECT option_value FROM wp_options WHERE option_name = 'siteurl'
----> ERROR:  relation "wp_options" does not exist
LINE 1: SELECT option_value FROM wp_options WHERE option_name = 'sit...
                                 ^
---------------------
[1746139343.728] Error running :
SELECT option_name, option_value FROM wp_options WHERE autoload IN ( 'yes', 'on', 'auto-on', 'auto' )
---- converted to ----
SELECT option_name, option_value FROM wp_options WHERE autoload IN ( 'yes', 'on', 'auto-on', 'auto' )
----> ERROR:  relation "wp_options" does not exist
LINE 1: SELECT option_name, option_value FROM wp_options WHERE autol...
                                              ^
---------------------
[1746139343.9302] Error running :
SELECT option_name, option_value FROM wp_options
---- converted to ----
SELECT option_name, option_value FROM wp_options
----> ERROR:  relation "wp_options" does not exist
LINE 1: SELECT option_name, option_value FROM wp_options
                                              ^
---------------------
[1746139344.1288] Error running :
SELECT option_value FROM wp_options WHERE option_name = 'siteurl'
---- converted to ----
SELECT option_value FROM wp_options WHERE option_name = 'siteurl'
----> ERROR:  relation "wp_options" does not exist
LINE 1: SELECT option_value FROM wp_options WHERE option_name = 'sit...
                                 ^
---------------------
[1746139378.3472] Error running :
SELECT option_name, option_value FROM wp_options WHERE autoload IN ( 'yes', 'on', 'auto-on', 'auto' )
---- converted to ----
SELECT option_name, option_value FROM wp_options WHERE autoload IN ( 'yes', 'on', 'auto-on', 'auto' )
----> ERROR:  relation "wp_options" does not exist
LINE 1: SELECT option_name, option_value FROM wp_options WHERE autol...
                                              ^
---------------------
[1746139378.6457] Error running :
SELECT option_name, option_value FROM wp_options
---- converted to ----
SELECT option_name, option_value FROM wp_options
----> ERROR:  relation "wp_options" does not exist
LINE 1: SELECT option_name, option_value FROM wp_options
                                              ^
---------------------
[1746139378.8478] Error running :
SELECT option_value FROM wp_options WHERE option_name = 'siteurl'
---- converted to ----
SELECT option_value FROM wp_options WHERE option_name = 'siteurl'
----> ERROR:  relation "wp_options" does not exist
LINE 1: SELECT option_value FROM wp_options WHERE option_name = 'sit...
                                 ^
---------------------
[1746141566.4543] Error running :
SELECT option_name, option_value FROM wp_options WHERE autoload IN ( 'yes', 'on', 'auto-on', 'auto' )
---- converted to ----
SELECT option_name, option_value FROM wp_options WHERE autoload IN ( 'yes', 'on', 'auto-on', 'auto' )
----> ERROR:  relation "wp_options" does not exist
LINE 1: SELECT option_name, option_value FROM wp_options WHERE autol...
                                              ^
---------------------
[1746141566.6694] Error running :
SELECT option_name, option_value FROM wp_options
---- converted to ----
SELECT option_name, option_value FROM wp_options
----> ERROR:  relation "wp_options" does not exist
LINE 1: SELECT option_name, option_value FROM wp_options
                                              ^
---------------------
[1746141566.8662] Error running :
SELECT option_value FROM wp_options WHERE option_name = 'siteurl'
---- converted to ----
SELECT option_value FROM wp_options WHERE option_name = 'siteurl'
----> ERROR:  relation "wp_options" does not exist
LINE 1: SELECT option_value FROM wp_options WHERE option_name = 'sit...
                                 ^
---------------------
[1746141599.8531] Error running :
SELECT option_name, option_value FROM wp_options WHERE autoload IN ( 'yes', 'on', 'auto-on', 'auto' )
---- converted to ----
SELECT option_name, option_value FROM wp_options WHERE autoload IN ( 'yes', 'on', 'auto-on', 'auto' )
----> ERROR:  relation "wp_options" does not exist
LINE 1: SELECT option_name, option_value FROM wp_options WHERE autol...
                                              ^
---------------------
[1746141600.0604] Error running :
SELECT option_name, option_value FROM wp_options
---- converted to ----
SELECT option_name, option_value FROM wp_options
----> ERROR:  relation "wp_options" does not exist
LINE 1: SELECT option_name, option_value FROM wp_options
                                              ^
---------------------
[1746141600.2572] Error running :
SELECT option_value FROM wp_options WHERE option_name = 'siteurl'
---- converted to ----
SELECT option_value FROM wp_options WHERE option_name = 'siteurl'
----> ERROR:  relation "wp_options" does not exist
LINE 1: SELECT option_value FROM wp_options WHERE option_name = 'sit...
                                 ^
---------------------
[1746141784.3224] Error running :
SELECT option_name, option_value FROM wp_options WHERE autoload IN ( 'yes', 'on', 'auto-on', 'auto' )
---- converted to ----
SELECT option_name, option_value FROM wp_options WHERE autoload IN ( 'yes', 'on', 'auto-on', 'auto' )
----> ERROR:  relation "wp_options" does not exist
LINE 1: SELECT option_name, option_value FROM wp_options WHERE autol...
                                              ^
---------------------
[1746141784.5276] Error running :
SELECT option_name, option_value FROM wp_options
---- converted to ----
SELECT option_name, option_value FROM wp_options
----> ERROR:  relation "wp_options" does not exist
LINE 1: SELECT option_name, option_value FROM wp_options
                                              ^
---------------------
[1746141784.7233] Error running :
SELECT option_value FROM wp_options WHERE option_name = 'siteurl'
---- converted to ----
SELECT option_value FROM wp_options WHERE option_name = 'siteurl'
----> ERROR:  relation "wp_options" does not exist
LINE 1: SELECT option_value FROM wp_options WHERE option_name = 'sit...
                                 ^
---------------------
[1746169232.5972] Error running :
SELECT option_name, option_value FROM wp_options WHERE autoload IN ( 'yes', 'on', 'auto-on', 'auto' )
---- converted to ----
SELECT option_name, option_value FROM wp_options WHERE autoload IN ( 'yes', 'on', 'auto-on', 'auto' )
----> ERROR:  relation "wp_options" does not exist
LINE 1: SELECT option_name, option_value FROM wp_options WHERE autol...
                                              ^
---------------------
[1746169232.6614] Error running :
SELECT option_name, option_value FROM wp_options
---- converted to ----
SELECT option_name, option_value FROM wp_options
----> ERROR:  relation "wp_options" does not exist
LINE 1: SELECT option_name, option_value FROM wp_options
                                              ^
---------------------
[1746169232.712] Error running :
SELECT option_value FROM wp_options WHERE option_name = 'siteurl'
---- converted to ----
SELECT option_value FROM wp_options WHERE option_name = 'siteurl'
----> ERROR:  relation "wp_options" does not exist
LINE 1: SELECT option_value FROM wp_options WHERE option_name = 'sit...
                                 ^
---------------------
[1746169234.0966] Error running :
SELECT option_name, option_value FROM wp_options WHERE autoload IN ( 'yes', 'on', 'auto-on', 'auto' )
---- converted to ----
SELECT option_name, option_value FROM wp_options WHERE autoload IN ( 'yes', 'on', 'auto-on', 'auto' )
----> ERROR:  relation "wp_options" does not exist
LINE 1: SELECT option_name, option_value FROM wp_options WHERE autol...
                                              ^
---------------------
[1746169234.1499] Error running :
SELECT option_name, option_value FROM wp_options
---- converted to ----
SELECT option_name, option_value FROM wp_options
----> ERROR:  relation "wp_options" does not exist
LINE 1: SELECT option_name, option_value FROM wp_options
                                              ^
---------------------
[1746169234.159] Error running :
SELECT option_name, option_value FROM wp_options WHERE autoload IN ( 'yes', 'on', 'auto-on', 'auto' )
---- converted to ----
SELECT option_name, option_value FROM wp_options WHERE autoload IN ( 'yes', 'on', 'auto-on', 'auto' )
----> ERROR:  relation "wp_options" does not exist
LINE 1: SELECT option_name, option_value FROM wp_options WHERE autol...
                                              ^
---------------------
[1746169234.2001] Error running :
SELECT option_value FROM wp_options WHERE option_name = 'siteurl'
---- converted to ----
SELECT option_value FROM wp_options WHERE option_name = 'siteurl'
----> ERROR:  relation "wp_options" does not exist
LINE 1: SELECT option_value FROM wp_options WHERE option_name = 'sit...
                                 ^
---------------------
[1746169234.2088] Error running :
SELECT option_name, option_value FROM wp_options
---- converted to ----
SELECT option_name, option_value FROM wp_options
----> ERROR:  relation "wp_options" does not exist
LINE 1: SELECT option_name, option_value FROM wp_options
                                              ^
---------------------
[1746169234.2588] Error running :
SELECT option_value FROM wp_options WHERE option_name = 'siteurl'
---- converted to ----
SELECT option_value FROM wp_options WHERE option_name = 'siteurl'
----> ERROR:  relation "wp_options" does not exist
LINE 1: SELECT option_value FROM wp_options WHERE option_name = 'sit...
                                 ^
---------------------
[1746169408.6562] Error running :
SELECT option_name, option_value FROM wp_options WHERE autoload IN ( 'yes', 'on', 'auto-on', 'auto' )
---- converted to ----
SELECT option_name, option_value FROM wp_options WHERE autoload IN ( 'yes', 'on', 'auto-on', 'auto' )
----> ERROR:  relation "wp_options" does not exist
LINE 1: SELECT option_name, option_value FROM wp_options WHERE autol...
                                              ^
---------------------
[1746169408.8033] Error running :
SELECT option_name, option_value FROM wp_options
---- converted to ----
SELECT option_name, option_value FROM wp_options
----> ERROR:  relation "wp_options" does not exist
LINE 1: SELECT option_name, option_value FROM wp_options
                                              ^
---------------------
[1746169408.8531] Error running :
SELECT option_value FROM wp_options WHERE option_name = 'siteurl'
---- converted to ----
SELECT option_value FROM wp_options WHERE option_name = 'siteurl'
----> ERROR:  relation "wp_options" does not exist
LINE 1: SELECT option_value FROM wp_options WHERE option_name = 'sit...
                                 ^
---------------------
[1746169411.0192] Error running :
SELECT option_name, option_value FROM wp_options WHERE autoload IN ( 'yes', 'on', 'auto-on', 'auto' )
---- converted to ----
SELECT option_name, option_value FROM wp_options WHERE autoload IN ( 'yes', 'on', 'auto-on', 'auto' )
----> ERROR:  relation "wp_options" does not exist
LINE 1: SELECT option_name, option_value FROM wp_options WHERE autol...
                                              ^
---------------------
[1746169411.0182] Error running :
SELECT option_name, option_value FROM wp_options WHERE autoload IN ( 'yes', 'on', 'auto-on', 'auto' )
---- converted to ----
SELECT option_name, option_value FROM wp_options WHERE autoload IN ( 'yes', 'on', 'auto-on', 'auto' )
----> ERROR:  relation "wp_options" does not exist
LINE 1: SELECT option_name, option_value FROM wp_options WHERE autol...
                                              ^
---------------------
[1746169411.069] Error running :
SELECT option_name, option_value FROM wp_options
---- converted to ----
SELECT option_name, option_value FROM wp_options
----> ERROR:  relation "wp_options" does not exist
LINE 1: SELECT option_name, option_value FROM wp_options
                                              ^
---------------------
[1746169411.0681] Error running :
SELECT option_name, option_value FROM wp_options
---- converted to ----
SELECT option_name, option_value FROM wp_options
----> ERROR:  relation "wp_options" does not exist
LINE 1: SELECT option_name, option_value FROM wp_options
                                              ^
---------------------
[1746169411.1188] Error running :
SELECT option_value FROM wp_options WHERE option_name = 'siteurl'
---- converted to ----
SELECT option_value FROM wp_options WHERE option_name = 'siteurl'
----> ERROR:  relation "wp_options" does not exist
LINE 1: SELECT option_value FROM wp_options WHERE option_name = 'sit...
                                 ^
---------------------
[1746169411.1188] Error running :
SELECT option_value FROM wp_options WHERE option_name = 'siteurl'
---- converted to ----
SELECT option_value FROM wp_options WHERE option_name = 'siteurl'
----> ERROR:  relation "wp_options" does not exist
LINE 1: SELECT option_value FROM wp_options WHERE option_name = 'sit...
                                 ^
---------------------
[1746169461.1811] Error running :
SELECT option_name, option_value FROM wp_options WHERE autoload IN ( 'yes', 'on', 'auto-on', 'auto' )
---- converted to ----
SELECT option_name, option_value FROM wp_options WHERE autoload IN ( 'yes', 'on', 'auto-on', 'auto' )
----> ERROR:  relation "wp_options" does not exist
LINE 1: SELECT option_name, option_value FROM wp_options WHERE autol...
                                              ^
---------------------
[1746169461.2484] Error running :
SELECT option_name, option_value FROM wp_options
---- converted to ----
SELECT option_name, option_value FROM wp_options
----> ERROR:  relation "wp_options" does not exist
LINE 1: SELECT option_name, option_value FROM wp_options
                                              ^
---------------------
[1746169461.3002] Error running :
SELECT option_value FROM wp_options WHERE option_name = 'siteurl'
---- converted to ----
SELECT option_value FROM wp_options WHERE option_name = 'siteurl'
----> ERROR:  relation "wp_options" does not exist
LINE 1: SELECT option_value FROM wp_options WHERE option_name = 'sit...
                                 ^
---------------------
[1746169483.1791] Error running :
SELECT option_name, option_value FROM wp_options WHERE autoload IN ( 'yes', 'on', 'auto-on', 'auto' )
---- converted to ----
SELECT option_name, option_value FROM wp_options WHERE autoload IN ( 'yes', 'on', 'auto-on', 'auto' )
----> ERROR:  relation "wp_options" does not exist
LINE 1: SELECT option_name, option_value FROM wp_options WHERE autol...
                                              ^
---------------------
[1746169483.2286] Error running :
SELECT option_name, option_value FROM wp_options
---- converted to ----
SELECT option_name, option_value FROM wp_options
----> ERROR:  relation "wp_options" does not exist
LINE 1: SELECT option_name, option_value FROM wp_options
                                              ^
---------------------
[1746169483.2786] Error running :
SELECT option_value FROM wp_options WHERE option_name = 'siteurl'
---- converted to ----
SELECT option_value FROM wp_options WHERE option_name = 'siteurl'
----> ERROR:  relation "wp_options" does not exist
LINE 1: SELECT option_value FROM wp_options WHERE option_name = 'sit...
                                 ^
---------------------
