2024-11-28T02:29:54+00:00 CRITICAL Uncaught Error: Call to undefined function acf_maybe_get_GET() in /var/www/html/wp-content/plugins/acf-extended/includes/third-party.php:150
Stack trace:
#0 /var/www/html/wp-includes/class-wp-hook.php(324): acfe_third_party->elementor_register_controls(Object(ElementorPro\Modules\ThemeBuilder\Documents\Section))
#1 /var/www/html/wp-includes/class-wp-hook.php(348): WP_Hook->apply_filters('', Array)
#2 /var/www/html/wp-includes/plugin.php(517): WP_Hook->do_action(Array)
#3 /var/www/html/wp-content/plugins/elementor/core/base/document.php(782): do_action('elementor/docum...', Object(ElementorPro\Modules\ThemeBuilder\Documents\Section))
#4 /var/www/html/wp-content/plugins/elementor-pro/modules/theme-builder/documents/theme-document.php(281): Elementor\Core\Base\Document->register_controls()
#5 /var/www/html/wp-content/plugins/elementor-pro/modules/theme-builder/documents/section.php(39): ElementorPro\Modules\ThemeBuilder\Documents\Theme_Document->register_controls()
#6 /var/www/html/wp-content/plugins/elementor/includes/base/controls-stack.php(2386): ElementorPro\Modules\ThemeBuilder\Documents\Section->register_controls()
#7 /var/www/html/wp-content/plugins/elementor/includes/base/controls-stack.php(569): Elementor\Controls_Stack->init_controls()
#8 /var/www/html/wp-content/plugins/elementor/includes/base/controls-stack.php(314): Elementor\Controls_Stack->get_stack()
#9 /var/www/html/wp-content/plugins/elementor/includes/base/controls-stack.php(2475): Elementor\Controls_Stack->get_controls()
#10 /var/www/html/wp-content/plugins/elementor/includes/base/controls-stack.php(1158): Elementor\Controls_Stack->sanitize_settings(Array)
#11 /var/www/html/wp-content/plugins/elementor/includes/base/controls-stack.php(2218): Elementor\Controls_Stack->get_data('settings')
#12 /var/www/html/wp-content/plugins/elementor/core/base/base-object.php(142): Elementor\Controls_Stack->get_init_settings()
#13 /var/www/html/wp-content/plugins/elementor/core/base/base-object.php(40): Elementor\Core\Base\Base_Object->ensure_settings()
#14 /var/www/html/wp-content/plugins/elementor/core/base/document.php(1992): Elementor\Core\Base\Base_Object->get_settings()
#15 /var/www/html/wp-includes/class-wp-hook.php(324): Elementor\Core\Base\Document->handle_revisions_changed(false, Object(WP_Post), Object(WP_Post))
#16 /var/www/html/wp-includes/plugin.php(205): WP_Hook->apply_filters(false, Array)
#17 /var/www/html/wp-includes/revision.php(208): apply_filters('wp_save_post_re...', false, Object(WP_Post), Object(WP_Post))
#18 /var/www/html/wp-includes/revision.php(116): wp_save_post_revision(734)
#19 /var/www/html/wp-includes/class-wp-hook.php(326): wp_save_post_revision_on_insert(734, Object(WP_Post), true)
#20 /var/www/html/wp-includes/class-wp-hook.php(348): WP_Hook->apply_filters('', Array)
#21 /var/www/html/wp-includes/plugin.php(517): WP_Hook->do_action(Array)
#22 /var/www/html/wp-includes/post.php(5612): do_action('wp_after_insert...', 734, Object(WP_Post), true, Object(WP_Post))
#23 /var/www/html/wp-includes/post.php(4905): wp_after_insert_post(Object(WP_Post), true, Object(WP_Post))
#24 /var/www/html/wp-includes/post.php(4993): wp_insert_post(Array, false, true)
#25 /var/www/html/wp-content/plugins/elementor/core/settings/page/manager.php(130): wp_update_post(Array)
#26 /var/www/html/wp-content/plugins/elementor/core/base/document.php(1789): Elementor\Core\Settings\Page\Manager->ajax_before_save_settings(Array, 734)
#27 /var/www/html/wp-content/plugins/elementor-pro/modules/theme-builder/documents/section.php(111): Elementor\Core\Base\Document->save_settings(Array)
#28 /var/www/html/wp-content/plugins/elementor/core/base/document.php(848): ElementorPro\Modules\ThemeBuilder\Documents\Section->save_settings(Array)
#29 /var/www/html/wp-content/plugins/elementor/core/documents-manager.php(549): Elementor\Core\Base\Document->save(Array)
#30 [internal function]: Elementor\Core\Documents_Manager->ajax_save(Array, Object(Elementor\Core\Common\Modules\Ajax\Module))
#31 /var/www/html/wp-content/plugins/elementor/core/common/modules/ajax/module.php(176): call_user_func(Array, Array, Object(Elementor\Core\Common\Modules\Ajax\Module))
#32 /var/www/html/wp-includes/class-wp-hook.php(324): Elementor\Core\Common\Modules\Ajax\Module->handle_ajax_request('')
#33 /var/www/html/wp-includes/class-wp-hook.php(348): WP_Hook->apply_filters('', Array)
#34 /var/www/html/wp-includes/plugin.php(517): WP_Hook->do_action(Array)
#35 /var/www/html/wp-admin/admin-ajax.php(192): do_action('wp_ajax_element...')
#36 {main}
  thrown in /var/www/html/wp-content/plugins/acf-extended/includes/third-party.php on line 150

2024-11-28T02:30:01+00:00 CRITICAL Uncaught Error: Call to undefined function acf_maybe_get_GET() in /var/www/html/wp-content/plugins/acf-extended/includes/third-party.php:150
Stack trace:
#0 /var/www/html/wp-includes/class-wp-hook.php(324): acfe_third_party->elementor_register_controls(Object(ElementorPro\Modules\ThemeBuilder\Documents\Section))
#1 /var/www/html/wp-includes/class-wp-hook.php(348): WP_Hook->apply_filters('', Array)
#2 /var/www/html/wp-includes/plugin.php(517): WP_Hook->do_action(Array)
#3 /var/www/html/wp-content/plugins/elementor/core/base/document.php(782): do_action('elementor/docum...', Object(ElementorPro\Modules\ThemeBuilder\Documents\Section))
#4 /var/www/html/wp-content/plugins/elementor-pro/modules/theme-builder/documents/theme-document.php(281): Elementor\Core\Base\Document->register_controls()
#5 /var/www/html/wp-content/plugins/elementor-pro/modules/theme-builder/documents/section.php(39): ElementorPro\Modules\ThemeBuilder\Documents\Theme_Document->register_controls()
#6 /var/www/html/wp-content/plugins/elementor/includes/base/controls-stack.php(2386): ElementorPro\Modules\ThemeBuilder\Documents\Section->register_controls()
#7 /var/www/html/wp-content/plugins/elementor/includes/base/controls-stack.php(569): Elementor\Controls_Stack->init_controls()
#8 /var/www/html/wp-content/plugins/elementor/includes/base/controls-stack.php(314): Elementor\Controls_Stack->get_stack()
#9 /var/www/html/wp-content/plugins/elementor/includes/base/controls-stack.php(2475): Elementor\Controls_Stack->get_controls()
#10 /var/www/html/wp-content/plugins/elementor/includes/base/controls-stack.php(1158): Elementor\Controls_Stack->sanitize_settings(Array)
#11 /var/www/html/wp-content/plugins/elementor/includes/base/controls-stack.php(2218): Elementor\Controls_Stack->get_data('settings')
#12 /var/www/html/wp-content/plugins/elementor/core/base/base-object.php(142): Elementor\Controls_Stack->get_init_settings()
#13 /var/www/html/wp-content/plugins/elementor/core/base/base-object.php(40): Elementor\Core\Base\Base_Object->ensure_settings()
#14 /var/www/html/wp-content/plugins/elementor-pro/modules/theme-builder/documents/theme-document.php(548): Elementor\Core\Base\Base_Object->get_settings('preview_id')
#15 /var/www/html/wp-content/plugins/elementor-pro/modules/theme-builder/classes/preview-manager.php(65): ElementorPro\Modules\ThemeBuilder\Documents\Theme_Document->get_preview_as_query_args()
#16 /var/www/html/wp-content/plugins/elementor-pro/modules/theme-builder/documents/theme-document.php(433): ElementorPro\Modules\ThemeBuilder\Classes\Preview_Manager->switch_to_preview_query()
#17 /var/www/html/wp-content/plugins/elementor/core/base/document.php(1345): ElementorPro\Modules\ThemeBuilder\Documents\Theme_Document->get_elements_raw_data(Array)
#18 /var/www/html/wp-content/plugins/elementor/core/base/document.php(855): Elementor\Core\Base\Document->save_elements(Array)
#19 /var/www/html/wp-content/plugins/elementor/core/documents-manager.php(549): Elementor\Core\Base\Document->save(Array)
#20 [internal function]: Elementor\Core\Documents_Manager->ajax_save(Array, Object(Elementor\Core\Common\Modules\Ajax\Module))
#21 /var/www/html/wp-content/plugins/elementor/core/common/modules/ajax/module.php(176): call_user_func(Array, Array, Object(Elementor\Core\Common\Modules\Ajax\Module))
#22 /var/www/html/wp-includes/class-wp-hook.php(324): Elementor\Core\Common\Modules\Ajax\Module->handle_ajax_request('')
#23 /var/www/html/wp-includes/class-wp-hook.php(348): WP_Hook->apply_filters('', Array)
#24 /var/www/html/wp-includes/plugin.php(517): WP_Hook->do_action(Array)
#25 /var/www/html/wp-admin/admin-ajax.php(192): do_action('wp_ajax_element...')
#26 {main}
  thrown in /var/www/html/wp-content/plugins/acf-extended/includes/third-party.php on line 150

2024-11-28T02:30:08+00:00 CRITICAL Uncaught Error: Call to undefined function acf_maybe_get_GET() in /var/www/html/wp-content/plugins/acf-extended/includes/third-party.php:150
Stack trace:
#0 /var/www/html/wp-includes/class-wp-hook.php(324): acfe_third_party->elementor_register_controls(Object(ElementorPro\Modules\ThemeBuilder\Documents\Section))
#1 /var/www/html/wp-includes/class-wp-hook.php(348): WP_Hook->apply_filters('', Array)
#2 /var/www/html/wp-includes/plugin.php(517): WP_Hook->do_action(Array)
#3 /var/www/html/wp-content/plugins/elementor/core/base/document.php(782): do_action('elementor/docum...', Object(ElementorPro\Modules\ThemeBuilder\Documents\Section))
#4 /var/www/html/wp-content/plugins/elementor-pro/modules/theme-builder/documents/theme-document.php(281): Elementor\Core\Base\Document->register_controls()
#5 /var/www/html/wp-content/plugins/elementor-pro/modules/theme-builder/documents/section.php(39): ElementorPro\Modules\ThemeBuilder\Documents\Theme_Document->register_controls()
#6 /var/www/html/wp-content/plugins/elementor/includes/base/controls-stack.php(2386): ElementorPro\Modules\ThemeBuilder\Documents\Section->register_controls()
#7 /var/www/html/wp-content/plugins/elementor/includes/base/controls-stack.php(569): Elementor\Controls_Stack->init_controls()
#8 /var/www/html/wp-content/plugins/elementor/includes/base/controls-stack.php(314): Elementor\Controls_Stack->get_stack()
#9 /var/www/html/wp-content/plugins/elementor/includes/base/controls-stack.php(2475): Elementor\Controls_Stack->get_controls()
#10 /var/www/html/wp-content/plugins/elementor/includes/base/controls-stack.php(1158): Elementor\Controls_Stack->sanitize_settings(Array)
#11 /var/www/html/wp-content/plugins/elementor/includes/base/controls-stack.php(2218): Elementor\Controls_Stack->get_data('settings')
#12 /var/www/html/wp-content/plugins/elementor/core/base/base-object.php(142): Elementor\Controls_Stack->get_init_settings()
#13 /var/www/html/wp-content/plugins/elementor/core/base/base-object.php(40): Elementor\Core\Base\Base_Object->ensure_settings()
#14 /var/www/html/wp-content/plugins/elementor/core/base/document.php(1992): Elementor\Core\Base\Base_Object->get_settings()
#15 /var/www/html/wp-includes/class-wp-hook.php(324): Elementor\Core\Base\Document->handle_revisions_changed(false, Object(WP_Post), Object(WP_Post))
#16 /var/www/html/wp-includes/plugin.php(205): WP_Hook->apply_filters(false, Array)
#17 /var/www/html/wp-includes/revision.php(208): apply_filters('wp_save_post_re...', false, Object(WP_Post), Object(WP_Post))
#18 /var/www/html/wp-includes/revision.php(116): wp_save_post_revision(734)
#19 /var/www/html/wp-includes/class-wp-hook.php(326): wp_save_post_revision_on_insert(734, Object(WP_Post), true)
#20 /var/www/html/wp-includes/class-wp-hook.php(348): WP_Hook->apply_filters('', Array)
#21 /var/www/html/wp-includes/plugin.php(517): WP_Hook->do_action(Array)
#22 /var/www/html/wp-includes/post.php(5612): do_action('wp_after_insert...', 734, Object(WP_Post), true, Object(WP_Post))
#23 /var/www/html/wp-includes/post.php(4905): wp_after_insert_post(Object(WP_Post), true, Object(WP_Post))
#24 /var/www/html/wp-includes/post.php(4993): wp_insert_post(Array, false, true)
#25 /var/www/html/wp-content/plugins/elementor/core/settings/page/manager.php(352): wp_update_post(Array)
#26 /var/www/html/wp-content/plugins/elementor/core/settings/page/manager.php(122): Elementor\Core\Settings\Page\Manager->save_post_status(734, 'publish')
#27 /var/www/html/wp-content/plugins/elementor/core/base/document.php(1789): Elementor\Core\Settings\Page\Manager->ajax_before_save_settings(Array, 734)
#28 /var/www/html/wp-content/plugins/elementor-pro/modules/theme-builder/documents/section.php(111): Elementor\Core\Base\Document->save_settings(Array)
#29 /var/www/html/wp-content/plugins/elementor/core/base/document.php(848): ElementorPro\Modules\ThemeBuilder\Documents\Section->save_settings(Array)
#30 /var/www/html/wp-content/plugins/elementor/core/documents-manager.php(549): Elementor\Core\Base\Document->save(Array)
#31 [internal function]: Elementor\Core\Documents_Manager->ajax_save(Array, Object(Elementor\Core\Common\Modules\Ajax\Module))
#32 /var/www/html/wp-content/plugins/elementor/core/common/modules/ajax/module.php(176): call_user_func(Array, Array, Object(Elementor\Core\Common\Modules\Ajax\Module))
#33 /var/www/html/wp-includes/class-wp-hook.php(324): Elementor\Core\Common\Modules\Ajax\Module->handle_ajax_request('')
#34 /var/www/html/wp-includes/class-wp-hook.php(348): WP_Hook->apply_filters('', Array)
#35 /var/www/html/wp-includes/plugin.php(517): WP_Hook->do_action(Array)
#36 /var/www/html/wp-admin/admin-ajax.php(192): do_action('wp_ajax_element...')
#37 {main}
  thrown in /var/www/html/wp-content/plugins/acf-extended/includes/third-party.php on line 150

