[1746137877.2883] Error running :
SELECT option_name, option_value FROM wp_options WHERE autoload IN ( 'yes', 'on', 'auto-on', 'auto' )
---- converted to ----
SELECT option_name, option_value FROM wp_options WHERE autoload IN ( 'yes', 'on', 'auto-on', 'auto' )
----> ERROR:  relation "wp_options" does not exist
LINE 1: SELECT option_name, option_value FROM wp_options WHERE autol...
                                              ^
---------------------
[1746137877.5371] Error running :
SELECT option_name, option_value FROM wp_options
---- converted to ----
SELECT option_name, option_value FROM wp_options
----> ERROR:  relation "wp_options" does not exist
LINE 1: SELECT option_name, option_value FROM wp_options
                                              ^
---------------------
[1746137877.7347] Error running :
SELECT option_value FROM wp_options WHERE option_name = 'siteurl'
---- converted to ----
SELECT option_value FROM wp_options WHERE option_name = 'siteurl'
----> ERROR:  relation "wp_options" does not exist
LINE 1: SELECT option_value FROM wp_options WHERE option_name = 'sit...
                                 ^
---------------------
[1746137912.2026] Error running :
SELECT option_name, option_value FROM wp_options WHERE autoload IN ( 'yes', 'on', 'auto-on', 'auto' )
---- converted to ----
SELECT option_name, option_value FROM wp_options WHERE autoload IN ( 'yes', 'on', 'auto-on', 'auto' )
----> ERROR:  relation "wp_options" does not exist
LINE 1: SELECT option_name, option_value FROM wp_options WHERE autol...
                                              ^
---------------------
[1746137912.4153] Error running :
SELECT option_name, option_value FROM wp_options
---- converted to ----
SELECT option_name, option_value FROM wp_options
----> ERROR:  relation "wp_options" does not exist
LINE 1: SELECT option_name, option_value FROM wp_options
                                              ^
---------------------
[1746137912.6159] Error running :
SELECT option_value FROM wp_options WHERE option_name = 'siteurl'
---- converted to ----
SELECT option_value FROM wp_options WHERE option_name = 'siteurl'
----> ERROR:  relation "wp_options" does not exist
LINE 1: SELECT option_value FROM wp_options WHERE option_name = 'sit...
                                 ^
---------------------
[1746138497.3079] Error running :
SELECT option_name, option_value FROM wp_options WHERE autoload IN ( 'yes', 'on', 'auto-on', 'auto' )
---- converted to ----
SELECT option_name, option_value FROM wp_options WHERE autoload IN ( 'yes', 'on', 'auto-on', 'auto' )
----> ERROR:  relation "wp_options" does not exist
LINE 1: SELECT option_name, option_value FROM wp_options WHERE autol...
                                              ^
---------------------
[1746138497.5088] Error running :
SELECT option_name, option_value FROM wp_options
---- converted to ----
SELECT option_name, option_value FROM wp_options
----> ERROR:  relation "wp_options" does not exist
LINE 1: SELECT option_name, option_value FROM wp_options
                                              ^
---------------------
[1746138497.7114] Error running :
SELECT option_value FROM wp_options WHERE option_name = 'siteurl'
---- converted to ----
SELECT option_value FROM wp_options WHERE option_name = 'siteurl'
----> ERROR:  relation "wp_options" does not exist
LINE 1: SELECT option_value FROM wp_options WHERE option_name = 'sit...
                                 ^
---------------------
[1746138528.2544] Error running :
SELECT option_name, option_value FROM wp_options WHERE autoload IN ( 'yes', 'on', 'auto-on', 'auto' )
---- converted to ----
SELECT option_name, option_value FROM wp_options WHERE autoload IN ( 'yes', 'on', 'auto-on', 'auto' )
----> ERROR:  relation "wp_options" does not exist
LINE 1: SELECT option_name, option_value FROM wp_options WHERE autol...
                                              ^
---------------------
[1746138528.4554] Error running :
SELECT option_name, option_value FROM wp_options
---- converted to ----
SELECT option_name, option_value FROM wp_options
----> ERROR:  relation "wp_options" does not exist
LINE 1: SELECT option_name, option_value FROM wp_options
                                              ^
---------------------
[1746138528.6531] Error running :
SELECT option_value FROM wp_options WHERE option_name = 'siteurl'
---- converted to ----
SELECT option_value FROM wp_options WHERE option_name = 'siteurl'
----> ERROR:  relation "wp_options" does not exist
LINE 1: SELECT option_value FROM wp_options WHERE option_name = 'sit...
                                 ^
---------------------
[1746139343.728] Error running :
SELECT option_name, option_value FROM wp_options WHERE autoload IN ( 'yes', 'on', 'auto-on', 'auto' )
---- converted to ----
SELECT option_name, option_value FROM wp_options WHERE autoload IN ( 'yes', 'on', 'auto-on', 'auto' )
----> ERROR:  relation "wp_options" does not exist
LINE 1: SELECT option_name, option_value FROM wp_options WHERE autol...
                                              ^
---------------------
[1746139343.9302] Error running :
SELECT option_name, option_value FROM wp_options
---- converted to ----
SELECT option_name, option_value FROM wp_options
----> ERROR:  relation "wp_options" does not exist
LINE 1: SELECT option_name, option_value FROM wp_options
                                              ^
---------------------
[1746139344.1288] Error running :
SELECT option_value FROM wp_options WHERE option_name = 'siteurl'
---- converted to ----
SELECT option_value FROM wp_options WHERE option_name = 'siteurl'
----> ERROR:  relation "wp_options" does not exist
LINE 1: SELECT option_value FROM wp_options WHERE option_name = 'sit...
                                 ^
---------------------
[1746139378.3472] Error running :
SELECT option_name, option_value FROM wp_options WHERE autoload IN ( 'yes', 'on', 'auto-on', 'auto' )
---- converted to ----
SELECT option_name, option_value FROM wp_options WHERE autoload IN ( 'yes', 'on', 'auto-on', 'auto' )
----> ERROR:  relation "wp_options" does not exist
LINE 1: SELECT option_name, option_value FROM wp_options WHERE autol...
                                              ^
---------------------
[1746139378.6457] Error running :
SELECT option_name, option_value FROM wp_options
---- converted to ----
SELECT option_name, option_value FROM wp_options
----> ERROR:  relation "wp_options" does not exist
LINE 1: SELECT option_name, option_value FROM wp_options
                                              ^
---------------------
[1746139378.8478] Error running :
SELECT option_value FROM wp_options WHERE option_name = 'siteurl'
---- converted to ----
SELECT option_value FROM wp_options WHERE option_name = 'siteurl'
----> ERROR:  relation "wp_options" does not exist
LINE 1: SELECT option_value FROM wp_options WHERE option_name = 'sit...
                                 ^
---------------------
