[02-May-2025 06:58:15 UTC] PHP Warning:  pg_connect(): Unable to connect to PostgreSQL server: connection to server at "be9jmmhhjwmxpo2rewcp-postgresql.services.clever-cloud.com" (91.208.207.32), port 5432 failed: Connection refused
	Is the server running on that host and accepting TCP/IP connections? in /var/www/html/wp-content/pg4wp/driver_pgsql.php on line 106
[02-May-2025 06:58:16 UTC] PHP Fatal error:  Uncaught Exception: PG4WP: Not Yet Implemented in /var/www/html/wp-content/pg4wp/driver_pgsql.php:356
Stack trace:
#0 /var/www/html/wp-content/pg4wp/core.php(34) : eval()'d code(3936): wpsqli_connect_errno()
#1 /var/www/html/wp-content/pg4wp/core.php(34) : eval()'d code(2022): wpdb2->bail('<h1>Error estab...', 'db_connect_fail')
#2 /var/www/html/wp-content/pg4wp/core.php(34) : eval()'d code(767): wpdb2->db_connect()
#3 /var/www/html/wp-content/pg4wp/core.php(38): wpdb2->__construct('uzdbbm1bnfvh97e...', 'Crcph185tIQqz4d...', 'be9jmmhhjwmxpo2...', 'be9jmmhhjwmxpo2...')
#4 /var/www/html/wp-content/db.php(53): require_once('/var/www/html/w...')
#5 /var/www/html/wp-includes/load.php(685): require_once('/var/www/html/w...')
#6 /var/www/html/wp-settings.php(132): require_wp_db()
#7 /var/www/html/wp-config.php(150): require_once('/var/www/html/w...')
#8 /var/www/html/wp-load.php(50): require_once('/var/www/html/w...')
#9 /var/www/html/wp-blog-header.php(13): require_once('/var/www/html/w...')
#10 /var/www/html/index.php(17): require('/var/www/html/w...')
#11 {main}
  thrown in /var/www/html/wp-content/pg4wp/driver_pgsql.php on line 356
[02-May-2025 06:58:18 UTC] PHP Warning:  pg_connect(): Unable to connect to PostgreSQL server: connection to server at "be9jmmhhjwmxpo2rewcp-postgresql.services.clever-cloud.com" (91.208.207.32), port 5432 failed: Connection refused
	Is the server running on that host and accepting TCP/IP connections? in /var/www/html/wp-content/pg4wp/driver_pgsql.php on line 106
[02-May-2025 06:58:18 UTC] PHP Fatal error:  Uncaught Exception: PG4WP: Not Yet Implemented in /var/www/html/wp-content/pg4wp/driver_pgsql.php:356
Stack trace:
#0 /var/www/html/wp-content/pg4wp/core.php(34) : eval()'d code(3936): wpsqli_connect_errno()
#1 /var/www/html/wp-content/pg4wp/core.php(34) : eval()'d code(2022): wpdb2->bail('<h1>Error estab...', 'db_connect_fail')
#2 /var/www/html/wp-content/pg4wp/core.php(34) : eval()'d code(767): wpdb2->db_connect()
#3 /var/www/html/wp-content/pg4wp/core.php(38): wpdb2->__construct('uzdbbm1bnfvh97e...', 'Crcph185tIQqz4d...', 'be9jmmhhjwmxpo2...', 'be9jmmhhjwmxpo2...')
#4 /var/www/html/wp-content/db.php(53): require_once('/var/www/html/w...')
#5 /var/www/html/wp-includes/load.php(685): require_once('/var/www/html/w...')
#6 /var/www/html/wp-settings.php(132): require_wp_db()
#7 /var/www/html/wp-config.php(150): require_once('/var/www/html/w...')
#8 /var/www/html/wp-load.php(50): require_once('/var/www/html/w...')
#9 /var/www/html/wp-blog-header.php(13): require_once('/var/www/html/w...')
#10 /var/www/html/index.php(17): require('/var/www/html/w...')
#11 {main}
  thrown in /var/www/html/wp-content/pg4wp/driver_pgsql.php on line 356
[02-May-2025 06:58:18 UTC] PHP Warning:  pg_connect(): Unable to connect to PostgreSQL server: connection to server at "be9jmmhhjwmxpo2rewcp-postgresql.services.clever-cloud.com" (91.208.207.32), port 5432 failed: Connection refused
	Is the server running on that host and accepting TCP/IP connections? in /var/www/html/wp-content/pg4wp/driver_pgsql.php on line 106
[02-May-2025 06:58:18 UTC] PHP Fatal error:  Uncaught Exception: PG4WP: Not Yet Implemented in /var/www/html/wp-content/pg4wp/driver_pgsql.php:356
Stack trace:
#0 /var/www/html/wp-content/pg4wp/core.php(34) : eval()'d code(3936): wpsqli_connect_errno()
#1 /var/www/html/wp-content/pg4wp/core.php(34) : eval()'d code(2022): wpdb2->bail('<h1>Error estab...', 'db_connect_fail')
#2 /var/www/html/wp-content/pg4wp/core.php(34) : eval()'d code(767): wpdb2->db_connect()
#3 /var/www/html/wp-content/pg4wp/core.php(38): wpdb2->__construct('uzdbbm1bnfvh97e...', 'Crcph185tIQqz4d...', 'be9jmmhhjwmxpo2...', 'be9jmmhhjwmxpo2...')
#4 /var/www/html/wp-content/db.php(53): require_once('/var/www/html/w...')
#5 /var/www/html/wp-includes/load.php(685): require_once('/var/www/html/w...')
#6 /var/www/html/wp-settings.php(132): require_wp_db()
#7 /var/www/html/wp-config.php(150): require_once('/var/www/html/w...')
#8 /var/www/html/wp-load.php(50): require_once('/var/www/html/w...')
#9 /var/www/html/wp-blog-header.php(13): require_once('/var/www/html/w...')
#10 /var/www/html/index.php(17): require('/var/www/html/w...')
#11 {main}
  thrown in /var/www/html/wp-content/pg4wp/driver_pgsql.php on line 356
[02-May-2025 07:00:03 UTC] PHP Warning:  pg_connect(): Unable to connect to PostgreSQL server: connection to server at "be9jmmhhjwmxpo2rewcp-postgresql.services.clever-cloud.com" (91.208.207.32), port 5432 failed: Connection refused
	Is the server running on that host and accepting TCP/IP connections? in /var/www/html/wp-content/pg4wp/driver_pgsql.php on line 106
[02-May-2025 07:00:03 UTC] PHP Fatal error:  Uncaught Exception: PG4WP: Not Yet Implemented in /var/www/html/wp-content/pg4wp/driver_pgsql.php:356
Stack trace:
#0 /var/www/html/wp-content/pg4wp/core.php(34) : eval()'d code(3936): wpsqli_connect_errno()
#1 /var/www/html/wp-content/pg4wp/core.php(34) : eval()'d code(2022): wpdb2->bail('<h1>Error estab...', 'db_connect_fail')
#2 /var/www/html/wp-content/pg4wp/core.php(34) : eval()'d code(767): wpdb2->db_connect()
#3 /var/www/html/wp-content/pg4wp/core.php(38): wpdb2->__construct('uzdbbm1bnfvh97e...', 'Crcph185tIQqz4d...', 'be9jmmhhjwmxpo2...', 'be9jmmhhjwmxpo2...')
#4 /var/www/html/wp-content/db.php(53): require_once('/var/www/html/w...')
#5 /var/www/html/wp-includes/load.php(685): require_once('/var/www/html/w...')
#6 /var/www/html/wp-settings.php(132): require_wp_db()
#7 /var/www/html/wp-config.php(150): require_once('/var/www/html/w...')
#8 /var/www/html/wp-load.php(50): require_once('/var/www/html/w...')
#9 /var/www/html/wp-blog-header.php(13): require_once('/var/www/html/w...')
#10 /var/www/html/index.php(17): require('/var/www/html/w...')
#11 {main}
  thrown in /var/www/html/wp-content/pg4wp/driver_pgsql.php on line 356
[02-May-2025 07:00:05 UTC] PHP Warning:  pg_connect(): Unable to connect to PostgreSQL server: connection to server at "be9jmmhhjwmxpo2rewcp-postgresql.services.clever-cloud.com" (91.208.207.32), port 5432 failed: Connection refused
	Is the server running on that host and accepting TCP/IP connections? in /var/www/html/wp-content/pg4wp/driver_pgsql.php on line 106
[02-May-2025 07:00:05 UTC] PHP Fatal error:  Uncaught Exception: PG4WP: Not Yet Implemented in /var/www/html/wp-content/pg4wp/driver_pgsql.php:356
Stack trace:
#0 /var/www/html/wp-content/pg4wp/core.php(34) : eval()'d code(3936): wpsqli_connect_errno()
#1 /var/www/html/wp-content/pg4wp/core.php(34) : eval()'d code(2022): wpdb2->bail('<h1>Error estab...', 'db_connect_fail')
#2 /var/www/html/wp-content/pg4wp/core.php(34) : eval()'d code(767): wpdb2->db_connect()
#3 /var/www/html/wp-content/pg4wp/core.php(38): wpdb2->__construct('uzdbbm1bnfvh97e...', 'Crcph185tIQqz4d...', 'be9jmmhhjwmxpo2...', 'be9jmmhhjwmxpo2...')
#4 /var/www/html/wp-content/db.php(53): require_once('/var/www/html/w...')
#5 /var/www/html/wp-includes/load.php(685): require_once('/var/www/html/w...')
#6 /var/www/html/wp-settings.php(132): require_wp_db()
#7 /var/www/html/wp-config.php(150): require_once('/var/www/html/w...')
#8 /var/www/html/wp-load.php(50): require_once('/var/www/html/w...')
#9 /var/www/html/wp-blog-header.php(13): require_once('/var/www/html/w...')
#10 /var/www/html/index.php(17): require('/var/www/html/w...')
#11 {main}
  thrown in /var/www/html/wp-content/pg4wp/driver_pgsql.php on line 356
[02-May-2025 07:00:05 UTC] PHP Warning:  pg_connect(): Unable to connect to PostgreSQL server: connection to server at "be9jmmhhjwmxpo2rewcp-postgresql.services.clever-cloud.com" (91.208.207.32), port 5432 failed: Connection refused
	Is the server running on that host and accepting TCP/IP connections? in /var/www/html/wp-content/pg4wp/driver_pgsql.php on line 106
[02-May-2025 07:00:05 UTC] PHP Fatal error:  Uncaught Exception: PG4WP: Not Yet Implemented in /var/www/html/wp-content/pg4wp/driver_pgsql.php:356
Stack trace:
#0 /var/www/html/wp-content/pg4wp/core.php(34) : eval()'d code(3936): wpsqli_connect_errno()
#1 /var/www/html/wp-content/pg4wp/core.php(34) : eval()'d code(2022): wpdb2->bail('<h1>Error estab...', 'db_connect_fail')
#2 /var/www/html/wp-content/pg4wp/core.php(34) : eval()'d code(767): wpdb2->db_connect()
#3 /var/www/html/wp-content/pg4wp/core.php(38): wpdb2->__construct('uzdbbm1bnfvh97e...', 'Crcph185tIQqz4d...', 'be9jmmhhjwmxpo2...', 'be9jmmhhjwmxpo2...')
#4 /var/www/html/wp-content/db.php(53): require_once('/var/www/html/w...')
#5 /var/www/html/wp-includes/load.php(685): require_once('/var/www/html/w...')
#6 /var/www/html/wp-settings.php(132): require_wp_db()
#7 /var/www/html/wp-config.php(150): require_once('/var/www/html/w...')
#8 /var/www/html/wp-load.php(50): require_once('/var/www/html/w...')
#9 /var/www/html/wp-blog-header.php(13): require_once('/var/www/html/w...')
#10 /var/www/html/index.php(17): require('/var/www/html/w...')
#11 {main}
  thrown in /var/www/html/wp-content/pg4wp/driver_pgsql.php on line 356
[02-May-2025 07:00:33 UTC] PHP Warning:  Cannot modify header information - headers already sent by (output started at /var/www/html/wp-config.php:64) in /var/www/html/wp-includes/pluggable.php on line 1435
[02-May-2025 07:00:33 UTC] PHP Warning:  Cannot modify header information - headers already sent by (output started at /var/www/html/wp-config.php:64) in /var/www/html/wp-includes/pluggable.php on line 1438
[02-May-2025 07:00:34 UTC] PHP Warning:  Cannot modify header information - headers already sent by (output started at /var/www/html/wp-config.php:64) in /var/www/html/wp-includes/pluggable.php on line 1435
[02-May-2025 07:00:34 UTC] PHP Warning:  Cannot modify header information - headers already sent by (output started at /var/www/html/wp-config.php:64) in /var/www/html/wp-includes/pluggable.php on line 1438
[02-May-2025 07:00:34 UTC] PHP Warning:  Cannot modify header information - headers already sent by (output started at /var/www/html/wp-config.php:64) in /var/www/html/wp-includes/pluggable.php on line 1435
[02-May-2025 07:00:34 UTC] PHP Warning:  Cannot modify header information - headers already sent by (output started at /var/www/html/wp-config.php:64) in /var/www/html/wp-includes/pluggable.php on line 1438
[02-May-2025 07:03:29 UTC] PHP Warning:  Cannot modify header information - headers already sent by (output started at /var/www/html/wp-config.php:64) in /var/www/html/wp-includes/pluggable.php on line 1435
[02-May-2025 07:03:29 UTC] PHP Warning:  Cannot modify header information - headers already sent by (output started at /var/www/html/wp-config.php:64) in /var/www/html/wp-includes/pluggable.php on line 1438
[02-May-2025 07:03:31 UTC] PHP Warning:  Cannot modify header information - headers already sent by (output started at /var/www/html/wp-config.php:64) in /var/www/html/wp-includes/pluggable.php on line 1435
[02-May-2025 07:03:31 UTC] PHP Warning:  Cannot modify header information - headers already sent by (output started at /var/www/html/wp-config.php:64) in /var/www/html/wp-includes/pluggable.php on line 1438
[02-May-2025 07:03:31 UTC] PHP Warning:  Cannot modify header information - headers already sent by (output started at /var/www/html/wp-config.php:64) in /var/www/html/wp-includes/pluggable.php on line 1435
[02-May-2025 07:03:31 UTC] PHP Warning:  Cannot modify header information - headers already sent by (output started at /var/www/html/wp-config.php:64) in /var/www/html/wp-includes/pluggable.php on line 1438
[02-May-2025 07:34:59 UTC] PHP Warning:  pg_connect(): Unable to connect to PostgreSQL server: could not translate host name "posgres" to address: Temporary failure in name resolution in /var/www/html/wp-content/pg4wp/driver_pgsql.php on line 106
[02-May-2025 07:34:59 UTC] PHP Fatal error:  Uncaught Exception: PG4WP: Not Yet Implemented in /var/www/html/wp-content/pg4wp/driver_pgsql.php:356
Stack trace:
#0 /var/www/html/wp-content/pg4wp/core.php(34) : eval()'d code(3936): wpsqli_connect_errno()
#1 /var/www/html/wp-content/pg4wp/core.php(34) : eval()'d code(2022): wpdb2->bail('<h1>Error estab...', 'db_connect_fail')
#2 /var/www/html/wp-content/pg4wp/core.php(34) : eval()'d code(767): wpdb2->db_connect()
#3 /var/www/html/wp-content/pg4wp/core.php(38): wpdb2->__construct('realtydemo_samp...', 'realtydemo_samp...', 'realtydemo_samp...', 'posgres:5432')
#4 /var/www/html/wp-content/db.php(53): require_once('/var/www/html/w...')
#5 /var/www/html/wp-includes/load.php(685): require_once('/var/www/html/w...')
#6 /var/www/html/wp-settings.php(132): require_wp_db()
#7 /var/www/html/wp-config.php(148): require_once('/var/www/html/w...')
#8 /var/www/html/wp-load.php(50): require_once('/var/www/html/w...')
#9 /var/www/html/wp-blog-header.php(13): require_once('/var/www/html/w...')
#10 /var/www/html/index.php(17): require('/var/www/html/w...')
#11 {main}
  thrown in /var/www/html/wp-content/pg4wp/driver_pgsql.php on line 356
[02-May-2025 07:35:08 UTC] PHP Warning:  pg_connect(): Unable to connect to PostgreSQL server: could not translate host name "posgres" to address: Temporary failure in name resolution in /var/www/html/wp-content/pg4wp/driver_pgsql.php on line 106
[02-May-2025 07:35:08 UTC] PHP Fatal error:  Uncaught Exception: PG4WP: Not Yet Implemented in /var/www/html/wp-content/pg4wp/driver_pgsql.php:356
Stack trace:
#0 /var/www/html/wp-content/pg4wp/core.php(34) : eval()'d code(3936): wpsqli_connect_errno()
#1 /var/www/html/wp-content/pg4wp/core.php(34) : eval()'d code(2022): wpdb2->bail('<h1>Error estab...', 'db_connect_fail')
#2 /var/www/html/wp-content/pg4wp/core.php(34) : eval()'d code(767): wpdb2->db_connect()
#3 /var/www/html/wp-content/pg4wp/core.php(38): wpdb2->__construct('realtydemo_samp...', 'realtydemo_samp...', 'realtydemo_samp...', 'posgres:5432')
#4 /var/www/html/wp-content/db.php(53): require_once('/var/www/html/w...')
#5 /var/www/html/wp-includes/load.php(685): require_once('/var/www/html/w...')
#6 /var/www/html/wp-settings.php(132): require_wp_db()
#7 /var/www/html/wp-config.php(148): require_once('/var/www/html/w...')
#8 /var/www/html/wp-load.php(50): require_once('/var/www/html/w...')
#9 /var/www/html/wp-blog-header.php(13): require_once('/var/www/html/w...')
#10 /var/www/html/index.php(17): require('/var/www/html/w...')
#11 {main}
  thrown in /var/www/html/wp-content/pg4wp/driver_pgsql.php on line 356
[02-May-2025 08:11:58 UTC] PHP Warning:  pg_connect(): Unable to connect to PostgreSQL server: could not translate host name "posgres" to address: Temporary failure in name resolution in /var/www/html/wp-content/pg4wp/driver_pgsql.php on line 106
[02-May-2025 08:11:58 UTC] PHP Fatal error:  Uncaught Exception: PG4WP: Not Yet Implemented in /var/www/html/wp-content/pg4wp/driver_pgsql.php:356
Stack trace:
#0 /var/www/html/wp-content/pg4wp/core.php(34) : eval()'d code(3936): wpsqli_connect_errno()
#1 /var/www/html/wp-content/pg4wp/core.php(34) : eval()'d code(2022): wpdb2->bail('<h1>Error estab...', 'db_connect_fail')
#2 /var/www/html/wp-content/pg4wp/core.php(34) : eval()'d code(767): wpdb2->db_connect()
#3 /var/www/html/wp-content/pg4wp/core.php(38): wpdb2->__construct('realtydemo_samp...', 'realtydemo_samp...', 'realtydemo_samp...', 'posgres:5432')
#4 /var/www/html/wp-content/db.php(53): require_once('/var/www/html/w...')
#5 /var/www/html/wp-includes/load.php(685): require_once('/var/www/html/w...')
#6 /var/www/html/wp-settings.php(132): require_wp_db()
#7 /var/www/html/wp-config.php(148): require_once('/var/www/html/w...')
#8 /var/www/html/wp-load.php(50): require_once('/var/www/html/w...')
#9 /var/www/html/wp-blog-header.php(13): require_once('/var/www/html/w...')
#10 /var/www/html/index.php(17): require('/var/www/html/w...')
#11 {main}
  thrown in /var/www/html/wp-content/pg4wp/driver_pgsql.php on line 356
[02-May-2025 08:12:06 UTC] PHP Warning:  pg_connect(): Unable to connect to PostgreSQL server: could not translate host name "posgres" to address: Temporary failure in name resolution in /var/www/html/wp-content/pg4wp/driver_pgsql.php on line 106
[02-May-2025 08:12:06 UTC] PHP Warning:  pg_connect(): Unable to connect to PostgreSQL server: could not translate host name "posgres" to address: Temporary failure in name resolution in /var/www/html/wp-content/pg4wp/driver_pgsql.php on line 106
[02-May-2025 08:12:06 UTC] PHP Fatal error:  Uncaught Exception: PG4WP: Not Yet Implemented in /var/www/html/wp-content/pg4wp/driver_pgsql.php:356
Stack trace:
#0 /var/www/html/wp-content/pg4wp/core.php(34) : eval()'d code(3936): wpsqli_connect_errno()
#1 /var/www/html/wp-content/pg4wp/core.php(34) : eval()'d code(2022): wpdb2->bail('<h1>Error estab...', 'db_connect_fail')
#2 /var/www/html/wp-content/pg4wp/core.php(34) : eval()'d code(767): wpdb2->db_connect()
#3 /var/www/html/wp-content/pg4wp/core.php(38): wpdb2->__construct('realtydemo_samp...', 'realtydemo_samp...', 'realtydemo_samp...', 'posgres:5432')
#4 /var/www/html/wp-content/db.php(53): require_once('/var/www/html/w...')
#5 /var/www/html/wp-includes/load.php(685): require_once('/var/www/html/w...')
#6 /var/www/html/wp-settings.php(132): require_wp_db()
#7 /var/www/html/wp-config.php(148): require_once('/var/www/html/w...')
#8 /var/www/html/wp-load.php(50): require_once('/var/www/html/w...')
#9 /var/www/html/wp-blog-header.php(13): require_once('/var/www/html/w...')
#10 /var/www/html/index.php(17): require('/var/www/html/w...')
#11 {main}
  thrown in /var/www/html/wp-content/pg4wp/driver_pgsql.php on line 356
[02-May-2025 08:12:06 UTC] PHP Fatal error:  Uncaught Exception: PG4WP: Not Yet Implemented in /var/www/html/wp-content/pg4wp/driver_pgsql.php:356
Stack trace:
#0 /var/www/html/wp-content/pg4wp/core.php(34) : eval()'d code(3936): wpsqli_connect_errno()
#1 /var/www/html/wp-content/pg4wp/core.php(34) : eval()'d code(2022): wpdb2->bail('<h1>Error estab...', 'db_connect_fail')
#2 /var/www/html/wp-content/pg4wp/core.php(34) : eval()'d code(767): wpdb2->db_connect()
#3 /var/www/html/wp-content/pg4wp/core.php(38): wpdb2->__construct('realtydemo_samp...', 'realtydemo_samp...', 'realtydemo_samp...', 'posgres:5432')
#4 /var/www/html/wp-content/db.php(53): require_once('/var/www/html/w...')
#5 /var/www/html/wp-includes/load.php(685): require_once('/var/www/html/w...')
#6 /var/www/html/wp-settings.php(132): require_wp_db()
#7 /var/www/html/wp-config.php(148): require_once('/var/www/html/w...')
#8 /var/www/html/wp-load.php(50): require_once('/var/www/html/w...')
#9 /var/www/html/wp-blog-header.php(13): require_once('/var/www/html/w...')
#10 /var/www/html/index.php(17): require('/var/www/html/w...')
#11 {main}
  thrown in /var/www/html/wp-content/pg4wp/driver_pgsql.php on line 356
